# JRE version: Java(TM) SE Runtime Environment (8.0_191-b12) (build 1.8.0_191-b12)
# Java VM: Java HotSpot(TM) 64-Bit Server VM (25.191-b12 mixed mode windows-amd64 compressed oops)
Heap:
 PSYoungGen      total 51712K, used 7831K [0x00000000eb100000, 0x00000000f6180000, 0x0000000100000000)
  eden space 49152K, 15% used [0x00000000eb100000,0x00000000eb8a5d28,0x00000000ee100000)
  from space 2560K, 0% used [0x00000000ee100000,0x00000000ee100000,0x00000000ee380000)
  to   space 53760K, 0% used [0x00000000f2d00000,0x00000000f2d00000,0x00000000f6180000)
 ParOldGen       total 521728K, used 486330K [0x00000000c1200000, 0x00000000e0f80000, 0x00000000eb100000)
  object space 521728K, 93% used [0x00000000c1200000,0x00000000deceea98,0x00000000e0f80000)
 Metaspace       used 6672K, capacity 6850K, committed 7168K, reserved 1056768K
  class space    used 808K, capacity 899K, committed 1024K, reserved 1048576K
GC Heap History (10 events):
Event: 8.229 GC heap before
{Heap before GC invocations=4 (full 1):
 PSYoungGen      total 29184K, used 29184K [0x00000000eb100000, 0x00000000ed600000, 0x0000000100000000)
  eden space 26624K, 100% used [0x00000000eb100000,0x00000000ecb00000,0x00000000ecb00000)
  from space 2560K, 100% used [0x00000000ed380000,0x00000000ed600000,0x00000000ed600000)
  to   space 2560K, 0% used [0x00000000ed100000,0x00000000ed100000,0x00000000ed380000)
 ParOldGen       total 448512K, used 377170K [0x00000000c1200000, 0x00000000dc800000, 0x00000000eb100000)
  object space 448512K, 84% used [0x00000000c1200000,0x00000000d8254a98,0x00000000dc800000)
 Metaspace       used 6669K, capacity 6850K, committed 7168K, reserved 1056768K
  class space    used 807K, capacity 899K, committed 1024K, reserved 1048576K
Event: 8.456 GC heap after
Heap after GC invocations=4 (full 1):
 PSYoungGen      total 35328K, used 2560K [0x00000000eb100000, 0x00000000ee600000, 0x0000000100000000)
  eden space 32768K, 0% used [0x00000000eb100000,0x00000000eb100000,0x00000000ed100000)
  from space 2560K, 100% used [0x00000000ed100000,0x00000000ed380000,0x00000000ed380000)
  to   space 2560K, 0% used [0x00000000ee380000,0x00000000ee380000,0x00000000ee600000)
 ParOldGen       total 448512K, used 403914K [0x00000000c1200000, 0x00000000dc800000, 0x00000000eb100000)
  object space 448512K, 90% used [0x00000000c1200000,0x00000000d9c72a98,0x00000000dc800000)
 Metaspace       used 6669K, capacity 6850K, committed 7168K, reserved 1056768K
  class space    used 807K, capacity 899K, committed 1024K, reserved 1048576K
}
Event: 8.456 GC heap before
{Heap before GC invocations=5 (full 2):
 PSYoungGen      total 35328K, used 2560K [0x00000000eb100000, 0x00000000ee600000, 0x0000000100000000)
  eden space 32768K, 0% used [0x00000000eb100000,0x00000000eb100000,0x00000000ed100000)
  from space 2560K, 100% used [0x00000000ed100000,0x00000000ed380000,0x00000000ed380000)
  to   space 2560K, 0% used [0x00000000ee380000,0x00000000ee380000,0x00000000ee600000)
 ParOldGen       total 448512K, used 403914K [0x00000000c1200000, 0x00000000dc800000, 0x00000000eb100000)
  object space 448512K, 90% used [0x00000000c1200000,0x00000000d9c72a98,0x00000000dc800000)
 Metaspace       used 6669K, capacity 6850K, committed 7168K, reserved 1056768K
  class space    used 807K, capacity 899K, committed 1024K, reserved 1048576K
Event: 9.361 GC heap after
Heap after GC invocations=5 (full 2):
 PSYoungGen      total 35328K, used 0K [0x00000000eb100000, 0x00000000ee600000, 0x0000000100000000)
  eden space 32768K, 0% used [0x00000000eb100000,0x00000000eb100000,0x00000000ed100000)
  from space 2560K, 0% used [0x00000000ed100000,0x00000000ed100000,0x00000000ed380000)
  to   space 2560K, 0% used [0x00000000ee380000,0x00000000ee380000,0x00000000ee600000)
 ParOldGen       total 521728K, used 406278K [0x00000000c1200000, 0x00000000e0f80000, 0x00000000eb100000)
  object space 521728K, 77% used [0x00000000c1200000,0x00000000d9ec1988,0x00000000e0f80000)
 Metaspace       used 6669K, capacity 6850K, committed 7168K, reserved 1056768K
  class space    used 807K, capacity 899K, committed 1024K, reserved 1048576K
}
Event: 9.442 GC heap before
{Heap before GC invocations=6 (full 2):
 PSYoungGen      total 35328K, used 32768K [0x00000000eb100000, 0x00000000ee600000, 0x0000000100000000)
  eden space 32768K, 100% used [0x00000000eb100000,0x00000000ed100000,0x00000000ed100000)
  from space 2560K, 0% used [0x00000000ed100000,0x00000000ed100000,0x00000000ed380000)
  to   space 2560K, 0% used [0x00000000ee380000,0x00000000ee380000,0x00000000ee600000)
 ParOldGen       total 521728K, used 406278K [0x00000000c1200000, 0x00000000e0f80000, 0x00000000eb100000)
  object space 521728K, 77% used [0x00000000c1200000,0x00000000d9ec1988,0x00000000e0f80000)
 Metaspace       used 6672K, capacity 6850K, committed 7168K, reserved 1056768K
  class space    used 808K, capacity 899K, committed 1024K, reserved 1048576K
Event: 9.574 GC heap after
Heap after GC invocations=6 (full 2):
 PSYoungGen      total 50176K, used 2560K [0x00000000eb100000, 0x00000000ee600000, 0x0000000100000000)
  eden space 47616K, 0% used [0x00000000eb100000,0x00000000eb100000,0x00000000edf80000)
  from space 2560K, 100% used [0x00000000ee380000,0x00000000ee600000,0x00000000ee600000)
  to   space 2560K, 0% used [0x00000000ee100000,0x00000000ee100000,0x00000000ee380000)
 ParOldGen       total 521728K, used 436294K [0x00000000c1200000, 0x00000000e0f80000, 0x00000000eb100000)
  object space 521728K, 83% used [0x00000000c1200000,0x00000000dbc11988,0x00000000e0f80000)
 Metaspace       used 6672K, capacity 6850K, committed 7168K, reserved 1056768K
  class space    used 808K, capacity 899K, committed 1024K, reserved 1048576K
}
Event: 9.643 GC heap before
{Heap before GC invocations=7 (full 2):
 PSYoungGen      total 50176K, used 50176K [0x00000000eb100000, 0x00000000ee600000, 0x0000000100000000)
  eden space 47616K, 100% used [0x00000000eb100000,0x00000000edf80000,0x00000000edf80000)
  from space 2560K, 100% used [0x00000000ee380000,0x00000000ee600000,0x00000000ee600000)
  to   space 2560K, 0% used [0x00000000ee100000,0x00000000ee100000,0x00000000ee380000)
 ParOldGen       total 521728K, used 436294K [0x00000000c1200000, 0x00000000e0f80000, 0x00000000eb100000)
  object space 521728K, 83% used [0x00000000c1200000,0x00000000dbc11988,0x00000000e0f80000)
 Metaspace       used 6672K, capacity 6850K, committed 7168K, reserved 1056768K
  class space    used 808K, capacity 899K, committed 1024K, reserved 1048576K
Event: 9.869 GC heap after
Heap after GC invocations=7 (full 2):
 PSYoungGen      total 51712K, used 2560K [0x00000000eb100000, 0x00000000f6180000, 0x0000000100000000)
  eden space 49152K, 0% used [0x00000000eb100000,0x00000000eb100000,0x00000000ee100000)
  from space 2560K, 100% used [0x00000000ee100000,0x00000000ee380000,0x00000000ee380000)
  to   space 53760K, 0% used [0x00000000f2d00000,0x00000000f2d00000,0x00000000f6180000)
 ParOldGen       total 521728K, used 484118K [0x00000000c1200000, 0x00000000e0f80000, 0x00000000eb100000)
  object space 521728K, 92% used [0x00000000c1200000,0x00000000deac5988,0x00000000e0f80000)
 Metaspace       used 6672K, capacity 6850K, committed 7168K, reserved 1056768K
  class space    used 808K, capacity 899K, committed 1024K, reserved 1048576K
}
Event: 9.869 GC heap before
{Heap before GC invocations=8 (full 3):
 PSYoungGen      total 51712K, used 2560K [0x00000000eb100000, 0x00000000f6180000, 0x0000000100000000)
  eden space 49152K, 0% used [0x00000000eb100000,0x00000000eb100000,0x00000000ee100000)
  from space 2560K, 100% used [0x00000000ee100000,0x00000000ee380000,0x00000000ee380000)
  to   space 53760K, 0% used [0x00000000f2d00000,0x00000000f2d00000,0x00000000f6180000)
 ParOldGen       total 521728K, used 484118K [0x00000000c1200000, 0x00000000e0f80000, 0x00000000eb100000)
  object space 521728K, 92% used [0x00000000c1200000,0x00000000deac5988,0x00000000e0f80000)
 Metaspace       used 6672K, capacity 6850K, committed 7168K, reserved 1056768K
  class space    used 808K, capacity 899K, committed 1024K, reserved 1048576K
Event: 15.643 GC heap after
Heap after GC invocations=8 (full 3):
 PSYoungGen      total 51712K, used 0K [0x00000000eb100000, 0x00000000f6180000, 0x0000000100000000)
  eden space 49152K, 0% used [0x00000000eb100000,0x00000000eb100000,0x00000000ee100000)
  from space 2560K, 0% used [0x00000000ee100000,0x00000000ee100000,0x00000000ee380000)
  to   space 53760K, 0% used [0x00000000f2d00000,0x00000000f2d00000,0x00000000f6180000)
 ParOldGen       total 521728K, used 486330K [0x00000000c1200000, 0x00000000e0f80000, 0x00000000eb100000)
  object space 521728K, 93% used [0x00000000c1200000,0x00000000deceea98,0x00000000e0f80000)
 Metaspace       used 6672K, capacity 6850K, committed 7168K, reserved 1056768K
  class space    used 808K, capacity 899K, committed 1024K, reserved 1048576K
}

